[31m[38;5;34m.[0m[31m[38;5;34m.[0m[31m[38;5;34m.[0m[31m[38;5;34m.[0m[31m[38;5;34m.[0m[31m[38;5;34m.[0m[31m[38;5;34m.[0m[31m[38;5;34m.[0m[31m[38;5;34m.[0m[31m[38;5;34m.[0m[31m[38;5;34m.[0m[31m[38;5;34m.[0m[31m[38;5;160mx[0m[31m[38;5;34m.[0m[31m[38;5;34m.[0m[31m[38;5;34m.[0m[31m[38;5;34m.[0m[31m[38;5;34m.[0m[31m[38;5;34m.[0m[31m[38;5;34m.[0m[31m[38;5;34m.[0m[31m[38;5;34m.[0m[31m[38;5;34m.[0m[31m[38;5;34m.[0m[31m[38;5;34m.[0m[31m[38;5;34m.[0m[31m[38;5;34m.[0m[31m[38;5;34m.[0m[31m[38;5;34m.[0m[31m[38;5;34m.[0m[31m[38;5;34m.[0m[31m[38;5;34m.[0m[31m[38;5;34m.[0m[31m[38;5;34m.[0m[31m[38;5;34m.[0m[31m[38;5;160mx[0m[31m[38;5;160mx[0m[31m[38;5;160mx[0m[31m[38;5;160mx[0m[31m[38;5;160mx[0m[31m[38;5;160mx[0m[31m[38;5;160mx[0m[31m[38;5;160mx[0m[31m[38;5;160mx[0m[31m[38;5;160mx[0m[31m[38;5;160mx[0m                        

----------------------------------------------------------------

[37;1m42sh/globbing/brace-expansion/ascii-range/010-big-range[0m [31m[38;5;160m(FAILED)[0m

  Description:
[38;5;239m  The purpose of this test is to check that brace expansion may be performed with a big numeric range.[0m

  STDIN:
[38;5;239m  01: ./write_all_arguments_on_stdout {A..z}[0m

  STDOUT:
[31m[38;5;160m  FAILURE    expected_to match_regex `^A@B@C@D@E@F@G@H@I@J@K@L@M@N@O@P@Q@R@S@T@U@V@W@X@Y@Z@.+@.?@.+@.+@_@.+@a@b@c@d@e@f@g@h@i@j@k@l@m@n@o@p@q@r@s@t@u@v@w@x@y@z@$`[0m
[38;5;239m  01: A@B@C@D@E@F@G@H@I@J@K@L@M@N@O@P@Q@R@S@T@U@V@W@X@Y@Z@[@]@^@_@a@b@c@d@e@f@g@h@i@j@k@l@m@n@o@p@q@r@s@t@u@v@w@x@y@z@[0m

  STDERR:
[31m[38;5;34m  SUCCESS    expected_to be_empty[0m
[38;5;239m  (no output)[0m

----------------------------------------------------------------

[37;1m42sh/quoting/double-quotes/mixed/globbing/brace-expansion/001-it-does-not-expand-braces-1[0m [31m[38;5;160m(FAILED)[0m

  Description:
[38;5;239m  The purpose of this test is to check that braces expansion is not processed within quoted part of the command line.[0m

  STDIN:
[38;5;239m  01: ./write_on_stdout "{1..2}"[0m

  STDOUT:
[31m[38;5;160m  FAILURE    expected_to match_regex `[{]1..2}`[0m
[38;5;239m  01: write on stdout[0m

  STDERR:
[38;5;239m  (no output)[0m

----------------------------------------------------------------

[37;1m42sh/quoting/double-quotes/mixed/globbing/brace-expansion/002-it-does-not-expand-braces-2[0m [31m[38;5;160m(FAILED)[0m

  Description:
[38;5;239m  The purpose of this test is to check that braces expansion is not processed within quoted part of the command line.[0m

  STDIN:
[38;5;239m  01: ./write_all_arguments_on_stdout {1..2}"{1..2}"[0m

  STDOUT:
[31m[38;5;160m  FAILURE    expected_to match_regex `1[{]1..2}@2[{]1..2}@`[0m
[38;5;239m  01: 11@12@21@22@[0m

  STDERR:
[38;5;239m  (no output)[0m

----------------------------------------------------------------

[37;1m42sh/quoting/double-quotes/mixed/globbing/brace-expansion/003-it-does-not-expand-braces-3[0m [31m[38;5;160m(FAILED)[0m

  Description:
[38;5;239m  The purpose of this test is to check that braces expansion is not processed within quoted part of the command line.[0m

  STDIN:
[38;5;239m  01: ./write_all_arguments_on_stdout "{1..2}"{1..2}[0m

  STDOUT:
[31m[38;5;160m  FAILURE    expected_to match_regex `[{]1..2}1@[{]1..2}2@`[0m
[38;5;239m  01: 11@12@21@22@[0m

  STDERR:
[38;5;239m  (no output)[0m

----------------------------------------------------------------

[37;1m42sh/quoting/double-quotes/mixed/globbing/brace-expansion/004-it-does-not-expand-braces-4[0m [31m[38;5;160m(FAILED)[0m

  Description:
[38;5;239m  The purpose of this test is to check that braces expansion is not processed within quoted part of the command line.[0m

  STDIN:
[38;5;239m  01: ./write_all_arguments_on_stdout "{1..2}"{1..2}"{1..2}"{1..2}"{1..2}"{1..2}[0m

  STDOUT:
[31m[38;5;160m  FAILURE    expected_to match_regex `[{]1..2}1[{]1..2}1[{]1..2}1@[{]1..2}1[{]1..2}1[{]1..2}2@[{]1..2}1[{]1..2}2[{]1..2}1@[{]1..2}1[{]1..2}2[{]1..2}2@[{]1..2}2[{]1..2}1[{]1..2}1@[{]1..2}2[{]1..2}1[{]1..2}2@[{]1..2}2[{]1..2}2[{]1..2}1@[{]1..2}2[{]1..2}2[{]1..2}2@`[0m
[38;5;239m  01: 111111@111112@111121@111122@111211@111212@111221@111222@112111@112112@112121@112122@112211@112212@112221@112222@121111@121112@121121@121122@121211@121212@121221@121222@122111@122112@122121@122122@122211@122212@122221@122222@211111@211112@211121@211122@211211@211212@211221@211222@212111@212112@212121@212122@212211@212212@212221@212222@221111@221112@221121@221122@221211@221212@221221@221222@222111@222112@222121@222122@222211@222212@222221@222222@[0m

  STDERR:
[38;5;239m  (no output)[0m

----------------------------------------------------------------

[37;1m42sh/quoting/double-quotes/mixed/globbing/brace-expansion/005-it-does-not-expand-braces-5[0m [31m[38;5;160m(FAILED)[0m

  Description:
[38;5;239m  The purpose of this test is to check that braces expansion is not processed within quoted part of the command line.[0m

  STDIN:
[38;5;239m  01: ./write_all_arguments_on_stdout "{1..2}" {1..2} "{1..2}" "{1..2}"[0m

  STDOUT:
[31m[38;5;160m  FAILURE    expected_to match_regex `[{]1..2}@1@2@[{]1..2}@[{]1..2}@`[0m
[38;5;239m  01: 1@2@1@2@1@2@1@2@[0m

  STDERR:
[38;5;239m  (no output)[0m

----------------------------------------------------------------

[37;1m42sh/quoting/mixed/globbing/brace-expansion/001-it-does-not-expand-braces-1[0m [31m[38;5;160m(FAILED)[0m

  Description:
[38;5;239m  The purpose of this test is to check that braces expansion is not processed within quoted part of the command line.[0m

  STDIN:
[38;5;239m  01: ./write_all_arguments_on_stdout "{1..2}"{1..2}'{1..2}'{1..2}"{1..2}"{1..2}[0m

  STDOUT:
[31m[38;5;160m  FAILURE    expected_to match_regex `[{]1..2}1[{]1..2}1[{]1..2}1@[{]1..2}1[{]1..2}1[{]1..2}2@[{]1..2}1[{]1..2}2[{]1..2}1@[{]1..2}1[{]1..2}2[{]1..2}2@[{]1..2}2[{]1..2}1[{]1..2}1@[{]1..2}2[{]1..2}1[{]1..2}2@[{]1..2}2[{]1..2}2[{]1..2}1@[{]1..2}2[{]1..2}2[{]1..2}2@`[0m
[38;5;239m  01: 111111@111112@111121@111122@111211@111212@111221@111222@112111@112112@112121@112122@112211@112212@112221@112222@121111@121112@121121@121122@121211@121212@121221@121222@122111@122112@122121@122122@122211@122212@122221@122222@211111@211112@211121@211122@211211@211212@211221@211222@212111@212112@212121@212122@212211@212212@212221@212222@221111@221112@221121@221122@221211@221212@221221@221222@222111@222112@222121@222122@222211@222212@222221@222222@[0m

  STDERR:
[38;5;239m  (no output)[0m

----------------------------------------------------------------

[37;1m42sh/quoting/simple-quotes/mixed/globbing/brace-expansion/001-it-does-not-expand-braces-1[0m [31m[38;5;160m(FAILED)[0m

  Description:
[38;5;239m  The purpose of this test is to check that braces expansion is not processed within quoted part of the command line.[0m

  STDIN:
[38;5;239m  01: ./write_on_stdout '{1..2}'[0m

  STDOUT:
[31m[38;5;160m  FAILURE    expected_to match_regex `[{]1..2}`[0m
[38;5;239m  01: write on stdout[0m

  STDERR:
[38;5;239m  (no output)[0m

----------------------------------------------------------------

[37;1m42sh/quoting/simple-quotes/mixed/globbing/brace-expansion/002-it-does-not-expand-braces-2[0m [31m[38;5;160m(FAILED)[0m

  Description:
[38;5;239m  The purpose of this test is to check that braces expansion is not processed within quoted part of the command line.[0m

  STDIN:
[38;5;239m  01: ./write_all_arguments_on_stdout {1..2}'{1..2}'[0m

  STDOUT:
[31m[38;5;160m  FAILURE    expected_to match_regex `1[{]1..2}@2[{]1..2}@`[0m
[38;5;239m  01: 11@12@21@22@[0m

  STDERR:
[38;5;239m  (no output)[0m

----------------------------------------------------------------

[37;1m42sh/quoting/simple-quotes/mixed/globbing/brace-expansion/003-it-does-not-expand-braces-3[0m [31m[38;5;160m(FAILED)[0m

  Description:
[38;5;239m  The purpose of this test is to check that braces expansion is not processed within quoted part of the command line.[0m

  STDIN:
[38;5;239m  01: ./write_all_arguments_on_stdout '{1..2}'{1..2}[0m

  STDOUT:
[31m[38;5;160m  FAILURE    expected_to match_regex `[{]1..2}1@[{]1..2}2@`[0m
[38;5;239m  01: 11@12@21@22@[0m

  STDERR:
[38;5;239m  (no output)[0m

----------------------------------------------------------------

[37;1m42sh/quoting/simple-quotes/mixed/globbing/brace-expansion/004-it-does-not-expand-braces-4[0m [31m[38;5;160m(FAILED)[0m

  Description:
[38;5;239m  The purpose of this test is to check that braces expansion is not processed within quoted part of the command line.[0m

  STDIN:
[38;5;239m  01: ./write_all_arguments_on_stdout '{1..2}'{1..2}'{1..2}'{1..2}'{1..2}'{1..2}[0m

  STDOUT:
[31m[38;5;160m  FAILURE    expected_to match_regex `[{]1..2}1[{]1..2}1[{]1..2}1@[{]1..2}1[{]1..2}1[{]1..2}2@[{]1..2}1[{]1..2}2[{]1..2}1@[{]1..2}1[{]1..2}2[{]1..2}2@[{]1..2}2[{]1..2}1[{]1..2}1@[{]1..2}2[{]1..2}1[{]1..2}2@[{]1..2}2[{]1..2}2[{]1..2}1@[{]1..2}2[{]1..2}2[{]1..2}2@`[0m
[38;5;239m  01: 111111@111112@111121@111122@111211@111212@111221@111222@112111@112112@112121@112122@112211@112212@112221@112222@121111@121112@121121@121122@121211@121212@121221@121222@122111@122112@122121@122122@122211@122212@122221@122222@211111@211112@211121@211122@211211@211212@211221@211222@212111@212112@212121@212122@212211@212212@212221@212222@221111@221112@221121@221122@221211@221212@221221@221222@222111@222112@222121@222122@222211@222212@222221@222222@[0m

  STDERR:
[38;5;239m  (no output)[0m

----------------------------------------------------------------

[37;1m42sh/quoting/simple-quotes/mixed/globbing/brace-expansion/005-it-does-not-expand-braces-5[0m [31m[38;5;160m(FAILED)[0m

  Description:
[38;5;239m  The purpose of this test is to check that braces expansion is not processed within quoted part of the command line.[0m

  STDIN:
[38;5;239m  01: ./write_all_arguments_on_stdout '{1..2}' {1..2} '{1..2}' '{1..2}'[0m

  STDOUT:
[31m[38;5;160m  FAILURE    expected_to match_regex `[{]1..2}@1@2@[{]1..2}@[{]1..2}@`[0m
[38;5;239m  01: 1@2@1@2@1@2@1@2@[0m

  STDERR:
[38;5;239m  (no output)[0m

Total tests: 46
Total failed tests: 12
Total pending tests: 0
